<?xml version="1.0" encoding="UTF-8"?>
<!-- Generated by org.testng.reporters.JUnitReportReporter -->
<testsuite hostname="DESKTOP-O8VLJVA" failures="0" tests="4" name="com.kick_out.practise.Rapid" time="37.091" errors="1" timestamp="2020-07-16T21:04:15 IST" skipped="3">
  <testcase classname="com.kick_out.practise.Rapid" name="closePopUp" time="37.091">
    <error message="element click intercepted: Element &lt;img class=&quot;sgpb-popup-close-button-1&quot; alt=&quot;Close&quot; src=&quot;data:image/png;base64,iVBORw0KGgoAAAANSUhEUgAAABUAAAAVCAYAAACpF6WWAAADHElEQVQ4jaWVQU8bRxiGHxYHrwdbHW8gFhU5IKurWM0plTiQC1SqUFD6C7hEorfmSv9ChBC39NZDFCm3xrkl6gWoKjBCizgRoS0uh0Y1BjQ7ks3sGkK2B2MLY4dE7Xvd93v0zXzfvNsXxzG9VKlUprXWk8aYceAOkAOqwK4QYlNKuToyMvJbr9q+q1Ct9bflcvkRMCuEsNKZDIn+/vb39+fn1Gs1jDEfgBf5fP6ZlHL5o9D9/f0flFLzQgjXGf4SkRrgRn8ftm23PVEUcXYeY8JT1NE/GGN8x3EWx8bGfml5EleAT27lckOZdBopv+h5LbZtYwOZwRTJREytXncPq9UnAC1wonVkpdT8rVxuSGZvkhlM9QRelZSS/htJgKHDanU+m83+JaVctgDK5fIjIYSbSac/G9hSZjBFJp1GCOFezIJEpVKZBmallEgp2+a/373jT98H4CvX5fboKABr6+s0ooikbXN/YqLdcRiGGGNmK5XKC0trPSmEsFKpzg5l9iZ7e3uUSiXevH5N7SRkbX2d1ZUVSqUSTjbb4b+ot7TWk5YxZjydyXRMuHWsBzMzABwdHfHH7yusr60BUCgUKBQKHX7btnEcB2PMuEVzsXvq9ugok1NTAGxvb3N6esrw8DDfTT/o8l5q6o5F86V0ddrSN/fuMTAwQL1eZ2dnh6/v3v3UMHMWUH1/dvZRR7H4io2NDXzfp9Fo8PPTp2itr4NWLWAXmi/lqra2tnj58lcA5ubmSCaTNBoNFhYWuryX6nctIcSmUqoLqrVmaWkJANd1mZmZ4cfHjwHwfZ9isdgFVUohhNhMSClXjTE/hWFoXd7TnbdvefjwewCmpiYBuD8xQfXggChqEEWNDmgYhgAfpJSrxHGM53nPPc+LgyCI/4uCIIg9z4s9z3sexzEWQD6ffwb4QRBQOwmvG0KXaichQRAA+BecJlRKuew4zqJS6vj48OBT021La83x4QFKqWPHcRZbudqOvlZsKaXmoyhywzAklUo1o+5KnkZRRBiGaK175um1yQ9YjuMAzcfR2hClFMDnJf9l/Z9/1L81r78oUzK1YgAAAABJRU5ErkJggg==&quot; style=&quot;z-index: 999920; position: absolute; float: left; right: 9px; bottom: 9px; width: 21px; cursor: pointer; height: 21px; background-repeat: no-repeat; background-size: cover;&quot;&gt; is not clickable at point (1079, 592). Other element would receive the click: &lt;div id=&quot;adplus-anchor&quot; data-google-query-id=&quot;CKuitaaM0uoCFSw1cgodG4wPKQ&quot;&gt;...&lt;/div&gt;
  (Session info: chrome=81.0.4044.122)
Build info: version: &#039;3.141.59&#039;, revision: &#039;e82be7d358&#039;, time: &#039;2018-11-14T08:17:03&#039;
System info: host: &#039;DESKTOP-O8VLJVA&#039;, ip: &#039;192.168.0.2&#039;, os.name: &#039;Windows 10&#039;, os.arch: &#039;amd64&#039;, os.version: &#039;10.0&#039;, java.version: &#039;11.0.1&#039;
Driver info: org.openqa.selenium.chrome.ChromeDriver
Capabilities {acceptInsecureCerts: false, browserName: chrome, browserVersion: 81.0.4044.122, chrome: {chromedriverVersion: 81.0.4044.138 (8c6c7ba89cc9..., userDataDir: C:\Users\malli\AppData\Loca...}, goog:chromeOptions: {debuggerAddress: localhost:53712}, javascriptEnabled: true, networkConnectionEnabled: false, pageLoadStrategy: normal, platform: WINDOWS, platformName: WINDOWS, proxy: Proxy(), setWindowRect: true, strictFileInteractability: false, timeouts: {implicit: 0, pageLoad: 300000, script: 30000}, unhandledPromptBehavior: dismiss and notify, webauthn:virtualAuthenticators: true}
Session ID: 55245cc7914d1dd01f1d920f18e911a0" type="org.openqa.selenium.ElementClickInterceptedException">
      <![CDATA[org.openqa.selenium.ElementClickInterceptedException: element click intercepted: Element <img class="sgpb-popup-close-button-1" alt="Close" src="data:image/png;base64,iVBORw0KGgoAAAANSUhEUgAAABUAAAAVCAYAAACpF6WWAAADHElEQVQ4jaWVQU8bRxiGHxYHrwdbHW8gFhU5IKurWM0plTiQC1SqUFD6C7hEorfmSv9ChBC39NZDFCm3xrkl6gWoKjBCizgRoS0uh0Y1BjQ7ks3sGkK2B2MLY4dE7Xvd93v0zXzfvNsXxzG9VKlUprXWk8aYceAOkAOqwK4QYlNKuToyMvJbr9q+q1Ct9bflcvkRMCuEsNKZDIn+/vb39+fn1Gs1jDEfgBf5fP6ZlHL5o9D9/f0flFLzQgjXGf4SkRrgRn8ftm23PVEUcXYeY8JT1NE/GGN8x3EWx8bGfml5EleAT27lckOZdBopv+h5LbZtYwOZwRTJREytXncPq9UnAC1wonVkpdT8rVxuSGZvkhlM9QRelZSS/htJgKHDanU+m83+JaVctgDK5fIjIYSbSac/G9hSZjBFJp1GCOFezIJEpVKZBmallEgp2+a/373jT98H4CvX5fboKABr6+s0ooikbXN/YqLdcRiGGGNmK5XKC0trPSmEsFKpzg5l9iZ7e3uUSiXevH5N7SRkbX2d1ZUVSqUSTjbb4b+ot7TWk5YxZjydyXRMuHWsBzMzABwdHfHH7yusr60BUCgUKBQKHX7btnEcB2PMuEVzsXvq9ugok1NTAGxvb3N6esrw8DDfTT/o8l5q6o5F86V0ddrSN/fuMTAwQL1eZ2dnh6/v3v3UMHMWUH1/dvZRR7H4io2NDXzfp9Fo8PPTp2itr4NWLWAXmi/lqra2tnj58lcA5ubmSCaTNBoNFhYWuryX6nctIcSmUqoLqrVmaWkJANd1mZmZ4cfHjwHwfZ9isdgFVUohhNhMSClXjTE/hWFoXd7TnbdvefjwewCmpiYBuD8xQfXggChqEEWNDmgYhgAfpJSrxHGM53nPPc+LgyCI/4uCIIg9z4s9z3sexzEWQD6ffwb4QRBQOwmvG0KXaichQRAA+BecJlRKuew4zqJS6vj48OBT021La83x4QFKqWPHcRZbudqOvlZsKaXmoyhywzAklUo1o+5KnkZRRBiGaK175um1yQ9YjuMAzcfR2hClFMDnJf9l/Z9/1L81r78oUzK1YgAAAABJRU5ErkJggg==" style="z-index: 999920; position: absolute; float: left; right: 9px; bottom: 9px; width: 21px; cursor: pointer; height: 21px; background-repeat: no-repeat; background-size: cover;"> is not clickable at point (1079, 592). Other element would receive the click: <div id="adplus-anchor" data-google-query-id="CKuitaaM0uoCFSw1cgodG4wPKQ">...</div>
  (Session info: chrome=81.0.4044.122)
Build info: version: '3.141.59', revision: 'e82be7d358', time: '2018-11-14T08:17:03'
System info: host: 'DESKTOP-O8VLJVA', ip: '192.168.0.2', os.name: 'Windows 10', os.arch: 'amd64', os.version: '10.0', java.version: '11.0.1'
Driver info: org.openqa.selenium.chrome.ChromeDriver
Capabilities {acceptInsecureCerts: false, browserName: chrome, browserVersion: 81.0.4044.122, chrome: {chromedriverVersion: 81.0.4044.138 (8c6c7ba89cc9..., userDataDir: C:\Users\malli\AppData\Loca...}, goog:chromeOptions: {debuggerAddress: localhost:53712}, javascriptEnabled: true, networkConnectionEnabled: false, pageLoadStrategy: normal, platform: WINDOWS, platformName: WINDOWS, proxy: Proxy(), setWindowRect: true, strictFileInteractability: false, timeouts: {implicit: 0, pageLoad: 300000, script: 30000}, unhandledPromptBehavior: dismiss and notify, webauthn:virtualAuthenticators: true}
Session ID: 55245cc7914d1dd01f1d920f18e911a0
at java.base/jdk.internal.reflect.NativeConstructorAccessorImpl.newInstance0(Native Method)
at java.base/jdk.internal.reflect.NativeConstructorAccessorImpl.newInstance(NativeConstructorAccessorImpl.java:62)
at java.base/jdk.internal.reflect.DelegatingConstructorAccessorImpl.newInstance(DelegatingConstructorAccessorImpl.java:45)
at java.base/java.lang.reflect.Constructor.newInstance(Constructor.java:490)
at org.openqa.selenium.remote.http.W3CHttpResponseCodec.createException(W3CHttpResponseCodec.java:187)
at org.openqa.selenium.remote.http.W3CHttpResponseCodec.decode(W3CHttpResponseCodec.java:122)
at org.openqa.selenium.remote.http.W3CHttpResponseCodec.decode(W3CHttpResponseCodec.java:49)
at org.openqa.selenium.remote.HttpCommandExecutor.execute(HttpCommandExecutor.java:158)
at org.openqa.selenium.remote.service.DriverCommandExecutor.execute(DriverCommandExecutor.java:83)
at org.openqa.selenium.remote.RemoteWebDriver.execute(RemoteWebDriver.java:552)
at org.openqa.selenium.remote.RemoteWebElement.execute(RemoteWebElement.java:285)
at org.openqa.selenium.remote.RemoteWebElement.click(RemoteWebElement.java:84)
at com.kick_out.practise.Rapid.closePopUp(Rapid.java:90)
at java.base/jdk.internal.reflect.NativeMethodAccessorImpl.invoke0(Native Method)
at java.base/jdk.internal.reflect.NativeMethodAccessorImpl.invoke(NativeMethodAccessorImpl.java:62)
at java.base/jdk.internal.reflect.DelegatingMethodAccessorImpl.invoke(DelegatingMethodAccessorImpl.java:43)
at java.base/java.lang.reflect.Method.invoke(Method.java:566)
at org.testng.internal.MethodInvocationHelper.invokeMethod(MethodInvocationHelper.java:133)
at org.testng.internal.TestInvoker.invokeMethod(TestInvoker.java:584)
at org.testng.internal.TestInvoker.invokeTestMethod(TestInvoker.java:172)
at org.testng.internal.MethodRunner.runInSequence(MethodRunner.java:46)
at org.testng.internal.TestInvoker$MethodInvocationAgent.invoke(TestInvoker.java:804)
at org.testng.internal.TestInvoker.invokeTestMethods(TestInvoker.java:145)
at org.testng.internal.TestMethodWorker.invokeTestMethods(TestMethodWorker.java:146)
at org.testng.internal.TestMethodWorker.run(TestMethodWorker.java:128)
at java.base/java.util.ArrayList.forEach(ArrayList.java:1540)
at org.testng.TestRunner.privateRun(TestRunner.java:770)
at org.testng.TestRunner.run(TestRunner.java:591)
at org.testng.SuiteRunner.runTest(SuiteRunner.java:402)
at org.testng.SuiteRunner.runSequentially(SuiteRunner.java:396)
at org.testng.SuiteRunner.privateRun(SuiteRunner.java:355)
at org.testng.SuiteRunner.run(SuiteRunner.java:304)
at org.testng.SuiteRunnerWorker.runSuite(SuiteRunnerWorker.java:53)
at org.testng.SuiteRunnerWorker.run(SuiteRunnerWorker.java:96)
at org.testng.TestNG.runSuitesSequentially(TestNG.java:1180)
at org.testng.TestNG.runSuitesLocally(TestNG.java:1102)
at org.testng.TestNG.runSuites(TestNG.java:1032)
at org.testng.TestNG.run(TestNG.java:1000)
at org.testng.remote.AbstractRemoteTestNG.run(AbstractRemoteTestNG.java:115)
at org.testng.remote.RemoteTestNG.initAndRun(RemoteTestNG.java:251)
at org.testng.remote.RemoteTestNG.main(RemoteTestNG.java:77)
]]>
    </error>
  </testcase> <!-- closePopUp -->
  <testcase classname="com.kick_out.practise.Rapid" name="openNewTab">
    <skipped/>
  </testcase> <!-- openNewTab -->
  <testcase classname="com.kick_out.practise.Rapid" name="selectTest">
    <skipped/>
  </testcase> <!-- selectTest -->
  <testcase classname="com.kick_out.practise.Rapid" name="test">
    <skipped/>
  </testcase> <!-- test -->
</testsuite> <!-- com.kick_out.practise.Rapid -->
